Determining if the pthread_create exist failed with the following output:
Change Dir: /srinivas/OFAmgX/amgx/CMakeFiles/CMakeTmp

Run Build Command:"/usr/bin/make" "cmTC_eb933/fast"
/usr/bin/make -f CMakeFiles/cmTC_eb933.dir/build.make CMakeFiles/cmTC_eb933.dir/build
make[1]: Entering directory '/srinivas/OFAmgX/amgx/CMakeFiles/CMakeTmp'
Building C object CMakeFiles/cmTC_eb933.dir/CheckSymbolExists.c.o
/usr/bin/cc   -fPIC    -o CMakeFiles/cmTC_eb933.dir/CheckSymbolExists.c.o   -c /srinivas/OFAmgX/amgx/CMakeFiles/CMakeTmp/CheckSymbolExists.c
Linking C executable cmTC_eb933
/usr/bin/cmake -E cmake_link_script CMakeFiles/cmTC_eb933.dir/link.txt --verbose=1
/usr/bin/cc -fPIC     -rdynamic CMakeFiles/cmTC_eb933.dir/CheckSymbolExists.c.o  -o cmTC_eb933 
CMakeFiles/cmTC_eb933.dir/CheckSymbolExists.c.o: In function `main':
CheckSymbolExists.c:(.text+0x1b): undefined reference to `pthread_create'
collect2: error: ld returned 1 exit status
CMakeFiles/cmTC_eb933.dir/build.make:97: recipe for target 'cmTC_eb933' failed
make[1]: *** [cmTC_eb933] Error 1
make[1]: Leaving directory '/srinivas/OFAmgX/amgx/CMakeFiles/CMakeTmp'
Makefile:126: recipe for target 'cmTC_eb933/fast' failed
make: *** [cmTC_eb933/fast] Error 2

File /srinivas/OFAmgX/amgx/CMakeFiles/CMakeTmp/CheckSymbolExists.c:
/* */
#include <pthread.h>

int main(int argc, char** argv)
{
  (void)argv;
#ifndef pthread_create
  return ((int*)(&pthread_create))[argc];
#else
  (void)argc;
  return 0;
#endif
}

Determining if the function pthread_create exists in the pthreads failed with the following output:
Change Dir: /srinivas/OFAmgX/amgx/CMakeFiles/CMakeTmp

Run Build Command:"/usr/bin/make" "cmTC_3ce57/fast"
/usr/bin/make -f CMakeFiles/cmTC_3ce57.dir/build.make CMakeFiles/cmTC_3ce57.dir/build
make[1]: Entering directory '/srinivas/OFAmgX/amgx/CMakeFiles/CMakeTmp'
Building C object CMakeFiles/cmTC_3ce57.dir/CheckFunctionExists.c.o
/usr/bin/cc   -fPIC -DCHECK_FUNCTION_EXISTS=pthread_create   -o CMakeFiles/cmTC_3ce57.dir/CheckFunctionExists.c.o   -c /usr/share/cmake-3.10/Modules/CheckFunctionExists.c
Linking C executable cmTC_3ce57
/usr/bin/cmake -E cmake_link_script CMakeFiles/cmTC_3ce57.dir/link.txt --verbose=1
/usr/bin/cc -fPIC -DCHECK_FUNCTION_EXISTS=pthread_create    -rdynamic CMakeFiles/cmTC_3ce57.dir/CheckFunctionExists.c.o  -o cmTC_3ce57 -lpthreads 
/usr/bin/ld: cannot find -lpthreads
collect2: error: ld returned 1 exit status
CMakeFiles/cmTC_3ce57.dir/build.make:97: recipe for target 'cmTC_3ce57' failed
make[1]: *** [cmTC_3ce57] Error 1
make[1]: Leaving directory '/srinivas/OFAmgX/amgx/CMakeFiles/CMakeTmp'
Makefile:126: recipe for target 'cmTC_3ce57/fast' failed
make: *** [cmTC_3ce57/fast] Error 2


