Determining if the pthread_create exist failed with the following output:
Change Dir: /srinivas/OFAmgX/build/CMakeFiles/CMakeTmp

Run Build Command:"/usr/bin/make" "cmTC_9e5e2/fast"
/usr/bin/make -f CMakeFiles/cmTC_9e5e2.dir/build.make CMakeFiles/cmTC_9e5e2.dir/build
make[1]: Entering directory '/srinivas/OFAmgX/build/CMakeFiles/CMakeTmp'
Building C object CMakeFiles/cmTC_9e5e2.dir/CheckSymbolExists.c.o
/usr/bin/cc   -fPIC    -o CMakeFiles/cmTC_9e5e2.dir/CheckSymbolExists.c.o   -c /srinivas/OFAmgX/build/CMakeFiles/CMakeTmp/CheckSymbolExists.c
Linking C executable cmTC_9e5e2
/usr/bin/cmake -E cmake_link_script CMakeFiles/cmTC_9e5e2.dir/link.txt --verbose=1
/usr/bin/cc -fPIC     -rdynamic CMakeFiles/cmTC_9e5e2.dir/CheckSymbolExists.c.o  -o cmTC_9e5e2 
CMakeFiles/cmTC_9e5e2.dir/CheckSymbolExists.c.o: In function `main':
CheckSymbolExists.c:(.text+0x1b): undefined reference to `pthread_create'
collect2: error: ld returned 1 exit status
CMakeFiles/cmTC_9e5e2.dir/build.make:97: recipe for target 'cmTC_9e5e2' failed
make[1]: *** [cmTC_9e5e2] Error 1
make[1]: Leaving directory '/srinivas/OFAmgX/build/CMakeFiles/CMakeTmp'
Makefile:126: recipe for target 'cmTC_9e5e2/fast' failed
make: *** [cmTC_9e5e2/fast] Error 2

File /srinivas/OFAmgX/build/CMakeFiles/CMakeTmp/CheckSymbolExists.c:
/* */
#include <pthread.h>

int main(int argc, char** argv)
{
  (void)argv;
#ifndef pthread_create
  return ((int*)(&pthread_create))[argc];
#else
  (void)argc;
  return 0;
#endif
}

Determining if the function pthread_create exists in the pthreads failed with the following output:
Change Dir: /srinivas/OFAmgX/build/CMakeFiles/CMakeTmp

Run Build Command:"/usr/bin/make" "cmTC_a942d/fast"
/usr/bin/make -f CMakeFiles/cmTC_a942d.dir/build.make CMakeFiles/cmTC_a942d.dir/build
make[1]: Entering directory '/srinivas/OFAmgX/build/CMakeFiles/CMakeTmp'
Building C object CMakeFiles/cmTC_a942d.dir/CheckFunctionExists.c.o
/usr/bin/cc   -fPIC -DCHECK_FUNCTION_EXISTS=pthread_create   -o CMakeFiles/cmTC_a942d.dir/CheckFunctionExists.c.o   -c /usr/share/cmake-3.10/Modules/CheckFunctionExists.c
Linking C executable cmTC_a942d
/usr/bin/cmake -E cmake_link_script CMakeFiles/cmTC_a942d.dir/link.txt --verbose=1
/usr/bin/cc -fPIC -DCHECK_FUNCTION_EXISTS=pthread_create    -rdynamic CMakeFiles/cmTC_a942d.dir/CheckFunctionExists.c.o  -o cmTC_a942d -lpthreads 
/usr/bin/ld: cannot find -lpthreads
collect2: error: ld returned 1 exit status
CMakeFiles/cmTC_a942d.dir/build.make:97: recipe for target 'cmTC_a942d' failed
make[1]: *** [cmTC_a942d] Error 1
make[1]: Leaving directory '/srinivas/OFAmgX/build/CMakeFiles/CMakeTmp'
Makefile:126: recipe for target 'cmTC_a942d/fast' failed
make: *** [cmTC_a942d/fast] Error 2


